<?xml version="1.0" encoding="UTF-8"?>
<testng-results ignored="0" total="2" passed="2" failed="0" skipped="0">
  <reporter-output>
  </reporter-output>
  <suite started-at="2021-04-10T16:40:00Z" name="Suite" finished-at="2021-04-10T16:40:07Z" duration-ms="7119">
    <groups>
    </groups>
    <test started-at="2021-04-10T16:40:00Z" name="Test" finished-at="2021-04-10T16:40:07Z" duration-ms="7119">
      <class name="codingChallenge.mapsynq.HomePage">
        <test-method is-config="true" signature="initialize()[pri:0, instance:codingChallenge.mapsynq.HomePage@41fecb8b]" started-at="2021-04-10T22:10:00Z" name="initialize" finished-at="2021-04-10T22:10:01Z" duration-ms="1258" status="PASS">
          <reporter-output>
          </reporter-output>
        </test-method> <!-- initialize -->
        <test-method signature="basePageNavigation(java.lang.String, java.lang.String, java.lang.String)[pri:0, instance:codingChallenge.mapsynq.HomePage@41fecb8b]" started-at="2021-04-10T22:10:01Z" name="basePageNavigation" data-provider="getData" finished-at="2021-04-10T22:10:06Z" duration-ms="4952" status="PASS">
          <params>
            <param index="0">
              <value>
                <![CDATA[standard_user]]>
              </value>
            </param>
            <param index="1">
              <value>
                <![CDATA[secret_sauce]]>
              </value>
            </param>
            <param index="2">
              <value>
                <![CDATA[valid User]]>
              </value>
            </param>
          </params>
          <reporter-output>
          </reporter-output>
        </test-method> <!-- basePageNavigation -->
        <test-method signature="basePageNavigation(java.lang.String, java.lang.String, java.lang.String)[pri:0, instance:codingChallenge.mapsynq.HomePage@41fecb8b]" started-at="2021-04-10T22:10:06Z" name="basePageNavigation" data-provider="getData" finished-at="2021-04-10T22:10:06Z" duration-ms="245" status="PASS">
          <params>
            <param index="0">
              <value>
                <![CDATA[locked_out_user]]>
              </value>
            </param>
            <param index="1">
              <value>
                <![CDATA[secret_sauce]]>
              </value>
            </param>
            <param index="2">
              <value>
                <![CDATA[2nd valid User]]>
              </value>
            </param>
          </params>
          <reporter-output>
          </reporter-output>
        </test-method> <!-- basePageNavigation -->
        <test-method is-config="true" signature="tearDown()[pri:0, instance:codingChallenge.mapsynq.HomePage@41fecb8b]" started-at="2021-04-10T22:10:06Z" name="tearDown" finished-at="2021-04-10T22:10:07Z" duration-ms="654" status="PASS">
          <reporter-output>
          </reporter-output>
        </test-method> <!-- tearDown -->
      </class> <!-- codingChallenge.mapsynq.HomePage -->
    </test> <!-- Test -->
  </suite> <!-- Suite -->
</testng-results>
